mode: set
github.com/andybarilla/skeeter/internal/config/config.go:46.24,57.2 1 1
github.com/andybarilla/skeeter/internal/config/config.go:61.53,63.16 2 1
github.com/andybarilla/skeeter/internal/config/config.go:63.16,65.3 1 1
github.com/andybarilla/skeeter/internal/config/config.go:66.2,66.24 1 1
github.com/andybarilla/skeeter/internal/config/config.go:66.24,67.37 1 1
github.com/andybarilla/skeeter/internal/config/config.go:67.37,69.4 1 1
github.com/andybarilla/skeeter/internal/config/config.go:71.2,71.37 1 1
github.com/andybarilla/skeeter/internal/config/config.go:71.37,73.3 1 1
github.com/andybarilla/skeeter/internal/config/config.go:74.2,74.71 1 1
github.com/andybarilla/skeeter/internal/config/config.go:77.40,80.16 3 1
github.com/andybarilla/skeeter/internal/config/config.go:80.16,82.3 1 1
github.com/andybarilla/skeeter/internal/config/config.go:83.2,84.50 2 1
github.com/andybarilla/skeeter/internal/config/config.go:84.50,86.3 1 1
github.com/andybarilla/skeeter/internal/config/config.go:87.2,87.17 1 1
github.com/andybarilla/skeeter/internal/config/config.go:90.41,92.16 2 1
github.com/andybarilla/skeeter/internal/config/config.go:92.16,94.3 1 0
github.com/andybarilla/skeeter/internal/config/config.go:95.2,96.39 2 1
github.com/andybarilla/skeeter/internal/config/config.go:99.50,101.2 1 1
github.com/andybarilla/skeeter/internal/config/config.go:103.54,105.2 1 1
github.com/andybarilla/skeeter/internal/config/config.go:109.52,111.13 2 1
github.com/andybarilla/skeeter/internal/config/config.go:111.13,113.3 1 1
github.com/andybarilla/skeeter/internal/config/config.go:114.2,114.12 1 1
github.com/andybarilla/skeeter/internal/resolve/resolve.go:9.42,11.19 1 1
github.com/andybarilla/skeeter/internal/resolve/resolve.go:11.19,13.3 1 1
github.com/andybarilla/skeeter/internal/resolve/resolve.go:16.2,16.54 1 1
github.com/andybarilla/skeeter/internal/resolve/resolve.go:16.54,18.3 1 1
github.com/andybarilla/skeeter/internal/resolve/resolve.go:21.2,22.16 2 1
github.com/andybarilla/skeeter/internal/resolve/resolve.go:22.16,24.3 1 0
github.com/andybarilla/skeeter/internal/resolve/resolve.go:25.2,25.22 1 1
github.com/andybarilla/skeeter/internal/resolve/resolve.go:28.49,29.19 1 1
github.com/andybarilla/skeeter/internal/resolve/resolve.go:29.19,31.3 1 1
github.com/andybarilla/skeeter/internal/resolve/resolve.go:32.2,32.54 1 1
github.com/andybarilla/skeeter/internal/resolve/resolve.go:32.54,34.3 1 1
github.com/andybarilla/skeeter/internal/resolve/resolve.go:35.2,36.16 2 1
github.com/andybarilla/skeeter/internal/resolve/resolve.go:36.16,38.3 1 0
github.com/andybarilla/skeeter/internal/resolve/resolve.go:39.2,39.44 1 1
github.com/andybarilla/skeeter/internal/resolve/resolve.go:42.44,44.6 2 1
github.com/andybarilla/skeeter/internal/resolve/resolve.go:44.6,46.66 2 1
github.com/andybarilla/skeeter/internal/resolve/resolve.go:46.66,48.4 1 1
github.com/andybarilla/skeeter/internal/resolve/resolve.go:49.3,50.20 2 1
github.com/andybarilla/skeeter/internal/resolve/resolve.go:50.20,52.4 1 1
github.com/andybarilla/skeeter/internal/resolve/resolve.go:53.3,53.15 1 1
github.com/andybarilla/skeeter/internal/llm/enhance.go:12.106,14.16 2 0
github.com/andybarilla/skeeter/internal/llm/enhance.go:14.16,16.3 1 0
github.com/andybarilla/skeeter/internal/llm/enhance.go:18.2,20.37 3 0
github.com/andybarilla/skeeter/internal/llm/enhance.go:23.106,25.16 2 0
github.com/andybarilla/skeeter/internal/llm/enhance.go:25.16,27.3 1 0
github.com/andybarilla/skeeter/internal/llm/enhance.go:29.2,31.37 3 0
github.com/andybarilla/skeeter/internal/llm/enhance.go:34.53,39.28 3 1
github.com/andybarilla/skeeter/internal/llm/enhance.go:39.28,41.3 1 1
github.com/andybarilla/skeeter/internal/llm/enhance.go:42.2,53.19 10 1
github.com/andybarilla/skeeter/internal/llm/enhance.go:56.94,60.20 3 1
github.com/andybarilla/skeeter/internal/llm/enhance.go:60.20,62.3 1 1
github.com/andybarilla/skeeter/internal/llm/enhance.go:63.2,63.19 1 1
github.com/andybarilla/skeeter/internal/llm/enhance.go:63.19,65.3 1 1
github.com/andybarilla/skeeter/internal/llm/enhance.go:67.2,73.57 6 1
github.com/andybarilla/skeeter/internal/llm/enhance.go:73.57,77.3 3 1
github.com/andybarilla/skeeter/internal/llm/enhance.go:79.2,81.19 2 1
github.com/andybarilla/skeeter/internal/llm/provider.go:17.29,19.33 2 1
github.com/andybarilla/skeeter/internal/llm/provider.go:19.33,21.26 2 1
github.com/andybarilla/skeeter/internal/llm/provider.go:21.26,22.12 1 1
github.com/andybarilla/skeeter/internal/llm/provider.go:24.3,24.23 1 1
github.com/andybarilla/skeeter/internal/llm/provider.go:26.2,26.12 1 1
github.com/andybarilla/skeeter/internal/llm/provider.go:30.91,33.55 3 1
github.com/andybarilla/skeeter/internal/llm/provider.go:33.55,35.3 1 1
github.com/andybarilla/skeeter/internal/llm/provider.go:36.2,37.13 2 1
github.com/andybarilla/skeeter/internal/llm/provider.go:42.83,43.55 1 1
github.com/andybarilla/skeeter/internal/llm/provider.go:43.55,45.3 1 1
github.com/andybarilla/skeeter/internal/llm/provider.go:46.2,46.44 1 1
github.com/andybarilla/skeeter/internal/llm/provider.go:50.130,51.24 1 1
github.com/andybarilla/skeeter/internal/llm/provider.go:51.24,53.3 1 1
github.com/andybarilla/skeeter/internal/llm/provider.go:55.2,64.34 8 1
github.com/andybarilla/skeeter/internal/llm/provider.go:64.34,66.19 2 1
github.com/andybarilla/skeeter/internal/llm/provider.go:66.19,68.4 1 1
github.com/andybarilla/skeeter/internal/llm/provider.go:69.3,69.55 1 1
github.com/andybarilla/skeeter/internal/llm/provider.go:72.2,72.48 1 1
github.com/andybarilla/skeeter/internal/llm/provider.go:77.131,78.24 1 0
github.com/andybarilla/skeeter/internal/llm/provider.go:78.24,80.3 1 0
github.com/andybarilla/skeeter/internal/llm/provider.go:82.2,89.18 7 0
github.com/andybarilla/skeeter/internal/llm/work.go:16.111,20.54 3 1
github.com/andybarilla/skeeter/internal/llm/work.go:20.54,22.3 1 1
github.com/andybarilla/skeeter/internal/llm/work.go:22.8,24.3 1 1
github.com/andybarilla/skeeter/internal/llm/work.go:25.2,25.8 1 1
github.com/andybarilla/skeeter/internal/llm/work.go:28.98,39.2 2 1
github.com/andybarilla/skeeter/internal/llm/work.go:41.69,46.28 3 1
github.com/andybarilla/skeeter/internal/llm/work.go:46.28,48.3 1 1
github.com/andybarilla/skeeter/internal/llm/work.go:49.2,51.19 2 1
github.com/andybarilla/skeeter/internal/llm/work.go:54.89,59.22 3 1
github.com/andybarilla/skeeter/internal/llm/work.go:59.22,61.3 1 1
github.com/andybarilla/skeeter/internal/llm/work.go:62.2,62.21 1 1
github.com/andybarilla/skeeter/internal/llm/work.go:62.21,64.3 1 1
github.com/andybarilla/skeeter/internal/llm/work.go:66.2,66.18 1 1
github.com/andybarilla/skeeter/internal/llm/work.go:66.18,70.3 3 1
github.com/andybarilla/skeeter/internal/llm/work.go:72.2,78.19 6 1
github.com/andybarilla/skeeter/internal/id/id.go:11.52,13.16 2 1
github.com/andybarilla/skeeter/internal/id/id.go:13.16,14.25 1 1
github.com/andybarilla/skeeter/internal/id/id.go:14.25,16.4 1 1
github.com/andybarilla/skeeter/internal/id/id.go:17.3,17.17 1 0
github.com/andybarilla/skeeter/internal/id/id.go:20.2,21.28 2 1
github.com/andybarilla/skeeter/internal/id/id.go:21.28,22.17 1 1
github.com/andybarilla/skeeter/internal/id/id.go:22.17,24.4 1 1
github.com/andybarilla/skeeter/internal/id/id.go:27.2,27.37 1 1
github.com/andybarilla/skeeter/internal/id/id.go:30.67,34.29 3 1
github.com/andybarilla/skeeter/internal/id/id.go:34.29,36.43 2 1
github.com/andybarilla/skeeter/internal/id/id.go:36.43,37.12 1 1
github.com/andybarilla/skeeter/internal/id/id.go:39.3,41.17 3 1
github.com/andybarilla/skeeter/internal/id/id.go:41.17,42.12 1 1
github.com/andybarilla/skeeter/internal/id/id.go:44.3,44.19 1 1
github.com/andybarilla/skeeter/internal/id/id.go:44.19,46.4 1 1
github.com/andybarilla/skeeter/internal/id/id.go:49.2,49.54 1 1
github.com/andybarilla/skeeter/internal/task/parser.go:10.43,12.40 2 1
github.com/andybarilla/skeeter/internal/task/parser.go:12.40,14.3 1 1
github.com/andybarilla/skeeter/internal/task/parser.go:17.2,19.12 3 1
github.com/andybarilla/skeeter/internal/task/parser.go:19.12,21.3 1 0
github.com/andybarilla/skeeter/internal/task/parser.go:23.2,24.64 2 1
github.com/andybarilla/skeeter/internal/task/parser.go:24.64,26.3 1 0
github.com/andybarilla/skeeter/internal/task/parser.go:28.2,29.16 2 1
github.com/andybarilla/skeeter/internal/task/parser.go:32.39,34.16 2 1
github.com/andybarilla/skeeter/internal/task/parser.go:34.16,36.3 1 0
github.com/andybarilla/skeeter/internal/task/parser.go:38.2,43.26 6 1
github.com/andybarilla/skeeter/internal/task/task.go:10.47,15.22 2 1
github.com/andybarilla/skeeter/internal/task/task.go:15.22,20.3 1 1
github.com/andybarilla/skeeter/internal/task/task.go:21.2,21.18 1 1
github.com/andybarilla/skeeter/cmd/skeeter/assign.go:15.54,17.17 2 1
github.com/andybarilla/skeeter/cmd/skeeter/assign.go:17.17,19.4 1 0
github.com/andybarilla/skeeter/cmd/skeeter/assign.go:21.3,22.17 2 1
github.com/andybarilla/skeeter/cmd/skeeter/assign.go:22.17,24.4 1 0
github.com/andybarilla/skeeter/cmd/skeeter/assign.go:26.3,27.20 2 1
github.com/andybarilla/skeeter/cmd/skeeter/assign.go:27.20,29.4 1 1
github.com/andybarilla/skeeter/cmd/skeeter/assign.go:31.3,33.37 2 1
github.com/andybarilla/skeeter/cmd/skeeter/assign.go:33.37,35.4 1 0
github.com/andybarilla/skeeter/cmd/skeeter/assign.go:37.3,37.21 1 1
github.com/andybarilla/skeeter/cmd/skeeter/assign.go:37.21,39.4 1 0
github.com/andybarilla/skeeter/cmd/skeeter/assign.go:39.9,41.4 1 1
github.com/andybarilla/skeeter/cmd/skeeter/assign.go:42.3,42.13 1 1
github.com/andybarilla/skeeter/cmd/skeeter/assign.go:46.13,48.2 1 1
github.com/andybarilla/skeeter/cmd/skeeter/config.go:15.54,16.23 1 1
github.com/andybarilla/skeeter/cmd/skeeter/config.go:16.23,18.4 1 0
github.com/andybarilla/skeeter/cmd/skeeter/config.go:20.3,21.17 2 1
github.com/andybarilla/skeeter/cmd/skeeter/config.go:21.17,23.4 1 0
github.com/andybarilla/skeeter/cmd/skeeter/config.go:25.3,26.17 2 1
github.com/andybarilla/skeeter/cmd/skeeter/config.go:26.17,28.4 1 0
github.com/andybarilla/skeeter/cmd/skeeter/config.go:30.3,37.32 8 1
github.com/andybarilla/skeeter/cmd/skeeter/config.go:37.32,39.4 1 0
github.com/andybarilla/skeeter/cmd/skeeter/config.go:40.3,40.29 1 1
github.com/andybarilla/skeeter/cmd/skeeter/config.go:40.29,42.33 2 0
github.com/andybarilla/skeeter/cmd/skeeter/config.go:42.33,44.5 1 0
github.com/andybarilla/skeeter/cmd/skeeter/config.go:45.4,45.64 1 0
github.com/andybarilla/skeeter/cmd/skeeter/config.go:47.3,47.13 1 1
github.com/andybarilla/skeeter/cmd/skeeter/config.go:63.54,64.23 1 1
github.com/andybarilla/skeeter/cmd/skeeter/config.go:64.23,66.4 1 0
github.com/andybarilla/skeeter/cmd/skeeter/config.go:68.3,69.17 2 1
github.com/andybarilla/skeeter/cmd/skeeter/config.go:69.17,71.4 1 0
github.com/andybarilla/skeeter/cmd/skeeter/config.go:73.3,74.17 2 1
github.com/andybarilla/skeeter/cmd/skeeter/config.go:74.17,76.4 1 0
github.com/andybarilla/skeeter/cmd/skeeter/config.go:78.3,80.14 2 1
github.com/andybarilla/skeeter/cmd/skeeter/config.go:81.15,82.33 1 0
github.com/andybarilla/skeeter/cmd/skeeter/config.go:83.17,84.35 1 1
github.com/andybarilla/skeeter/cmd/skeeter/config.go:85.19,87.49 2 0
github.com/andybarilla/skeeter/cmd/skeeter/config.go:87.49,89.5 1 0
github.com/andybarilla/skeeter/cmd/skeeter/config.go:90.4,90.25 1 0
github.com/andybarilla/skeeter/cmd/skeeter/config.go:90.25,92.5 1 0
github.com/andybarilla/skeeter/cmd/skeeter/config.go:93.4,93.32 1 0
github.com/andybarilla/skeeter/cmd/skeeter/config.go:94.21,96.48 2 0
github.com/andybarilla/skeeter/cmd/skeeter/config.go:96.48,98.5 1 0
github.com/andybarilla/skeeter/cmd/skeeter/config.go:99.4,99.27 1 0
github.com/andybarilla/skeeter/cmd/skeeter/config.go:99.27,101.5 1 0
github.com/andybarilla/skeeter/cmd/skeeter/config.go:102.4,102.36 1 0
github.com/andybarilla/skeeter/cmd/skeeter/config.go:103.22,104.34 1 0
github.com/andybarilla/skeeter/cmd/skeeter/config.go:105.28,106.31 1 0
github.com/andybarilla/skeeter/cmd/skeeter/config.go:107.28,108.32 1 0
github.com/andybarilla/skeeter/cmd/skeeter/config.go:109.12,110.82 1 0
github.com/andybarilla/skeeter/cmd/skeeter/config.go:112.19,113.29 1 0
github.com/andybarilla/skeeter/cmd/skeeter/config.go:114.24,116.48 2 0
github.com/andybarilla/skeeter/cmd/skeeter/config.go:116.48,118.22 2 0
github.com/andybarilla/skeeter/cmd/skeeter/config.go:118.22,120.6 1 0
github.com/andybarilla/skeeter/cmd/skeeter/config.go:122.4,122.36 1 0
github.com/andybarilla/skeeter/cmd/skeeter/config.go:123.11,124.133 1 0
github.com/andybarilla/skeeter/cmd/skeeter/config.go:127.3,127.44 1 1
github.com/andybarilla/skeeter/cmd/skeeter/config.go:127.44,129.4 1 0
github.com/andybarilla/skeeter/cmd/skeeter/config.go:131.3,131.49 1 1
github.com/andybarilla/skeeter/cmd/skeeter/config.go:131.49,133.4 1 0
github.com/andybarilla/skeeter/cmd/skeeter/config.go:135.3,136.13 2 1
github.com/andybarilla/skeeter/cmd/skeeter/config.go:140.13,143.2 2 1
github.com/andybarilla/skeeter/cmd/skeeter/create.go:25.54,27.17 2 1
github.com/andybarilla/skeeter/cmd/skeeter/create.go:27.17,29.4 1 0
github.com/andybarilla/skeeter/cmd/skeeter/create.go:31.3,33.65 2 1
github.com/andybarilla/skeeter/cmd/skeeter/create.go:33.65,35.4 1 1
github.com/andybarilla/skeeter/cmd/skeeter/create.go:37.3,37.25 1 1
github.com/andybarilla/skeeter/cmd/skeeter/create.go:37.25,39.4 1 1
github.com/andybarilla/skeeter/cmd/skeeter/create.go:39.9,39.44 1 1
github.com/andybarilla/skeeter/cmd/skeeter/create.go:39.44,41.4 1 0
github.com/andybarilla/skeeter/cmd/skeeter/create.go:43.3,44.17 2 1
github.com/andybarilla/skeeter/cmd/skeeter/create.go:44.17,46.4 1 0
github.com/andybarilla/skeeter/cmd/skeeter/create.go:48.3,51.23 3 1
github.com/andybarilla/skeeter/cmd/skeeter/create.go:51.23,52.53 1 1
github.com/andybarilla/skeeter/cmd/skeeter/create.go:52.53,54.5 1 1
github.com/andybarilla/skeeter/cmd/skeeter/create.go:57.3,58.24 2 1
github.com/andybarilla/skeeter/cmd/skeeter/create.go:58.24,60.22 2 1
github.com/andybarilla/skeeter/cmd/skeeter/create.go:60.22,62.5 1 1
github.com/andybarilla/skeeter/cmd/skeeter/create.go:63.4,64.18 2 1
github.com/andybarilla/skeeter/cmd/skeeter/create.go:64.18,66.29 1 0
github.com/andybarilla/skeeter/cmd/skeeter/create.go:66.29,68.6 1 0
github.com/andybarilla/skeeter/cmd/skeeter/create.go:69.10,71.5 1 1
github.com/andybarilla/skeeter/cmd/skeeter/create.go:74.3,86.37 2 1
github.com/andybarilla/skeeter/cmd/skeeter/create.go:86.37,88.4 1 0
github.com/andybarilla/skeeter/cmd/skeeter/create.go:90.3,91.13 2 1
github.com/andybarilla/skeeter/cmd/skeeter/create.go:95.13,103.2 7 1
github.com/andybarilla/skeeter/cmd/skeeter/edit.go:19.54,20.23 1 0
github.com/andybarilla/skeeter/cmd/skeeter/edit.go:20.23,22.4 1 0
github.com/andybarilla/skeeter/cmd/skeeter/edit.go:24.3,25.17 2 0
github.com/andybarilla/skeeter/cmd/skeeter/edit.go:25.17,27.4 1 0
github.com/andybarilla/skeeter/cmd/skeeter/edit.go:29.3,30.17 2 0
github.com/andybarilla/skeeter/cmd/skeeter/edit.go:30.17,32.4 1 0
github.com/andybarilla/skeeter/cmd/skeeter/edit.go:34.3,37.42 2 0
github.com/andybarilla/skeeter/cmd/skeeter/edit.go:37.42,39.4 1 0
github.com/andybarilla/skeeter/cmd/skeeter/edit.go:41.3,42.19 2 0
github.com/andybarilla/skeeter/cmd/skeeter/edit.go:42.19,44.4 1 0
github.com/andybarilla/skeeter/cmd/skeeter/edit.go:46.3,52.33 6 0
github.com/andybarilla/skeeter/cmd/skeeter/edit.go:52.33,54.4 1 0
github.com/andybarilla/skeeter/cmd/skeeter/edit.go:57.3,58.17 2 0
github.com/andybarilla/skeeter/cmd/skeeter/edit.go:58.17,60.4 1 0
github.com/andybarilla/skeeter/cmd/skeeter/edit.go:62.3,62.37 1 0
github.com/andybarilla/skeeter/cmd/skeeter/edit.go:62.37,64.4 1 0
github.com/andybarilla/skeeter/cmd/skeeter/edit.go:66.3,67.13 2 0
github.com/andybarilla/skeeter/cmd/skeeter/edit.go:71.13,73.2 1 1
github.com/andybarilla/skeeter/cmd/skeeter/enhance.go:17.54,19.17 2 0
github.com/andybarilla/skeeter/cmd/skeeter/enhance.go:19.17,21.4 1 0
github.com/andybarilla/skeeter/cmd/skeeter/enhance.go:23.3,25.17 3 0
github.com/andybarilla/skeeter/cmd/skeeter/enhance.go:25.17,27.4 1 0
github.com/andybarilla/skeeter/cmd/skeeter/enhance.go:29.3,30.17 2 0
github.com/andybarilla/skeeter/cmd/skeeter/enhance.go:30.17,32.4 1 0
github.com/andybarilla/skeeter/cmd/skeeter/enhance.go:34.3,38.17 4 0
github.com/andybarilla/skeeter/cmd/skeeter/enhance.go:38.17,40.4 1 0
github.com/andybarilla/skeeter/cmd/skeeter/enhance.go:42.3,43.37 2 0
github.com/andybarilla/skeeter/cmd/skeeter/enhance.go:43.37,45.4 1 0
github.com/andybarilla/skeeter/cmd/skeeter/enhance.go:47.3,49.13 3 0
github.com/andybarilla/skeeter/cmd/skeeter/enhance.go:53.13,55.2 1 1
github.com/andybarilla/skeeter/cmd/skeeter/init.go:17.54,18.23 1 1
github.com/andybarilla/skeeter/cmd/skeeter/init.go:18.23,20.4 1 0
github.com/andybarilla/skeeter/cmd/skeeter/init.go:22.3,23.17 2 1
github.com/andybarilla/skeeter/cmd/skeeter/init.go:23.17,25.4 1 0
github.com/andybarilla/skeeter/cmd/skeeter/init.go:27.3,27.71 1 1
github.com/andybarilla/skeeter/cmd/skeeter/init.go:27.71,29.4 1 0
github.com/andybarilla/skeeter/cmd/skeeter/init.go:31.3,32.20 2 1
github.com/andybarilla/skeeter/cmd/skeeter/init.go:32.20,34.4 1 1
github.com/andybarilla/skeeter/cmd/skeeter/init.go:34.9,37.4 2 0
github.com/andybarilla/skeeter/cmd/skeeter/init.go:39.3,40.45 2 1
github.com/andybarilla/skeeter/cmd/skeeter/init.go:40.45,42.4 1 0
github.com/andybarilla/skeeter/cmd/skeeter/init.go:44.3,47.13 4 1
github.com/andybarilla/skeeter/cmd/skeeter/init.go:51.13,53.2 1 1
github.com/andybarilla/skeeter/cmd/skeeter/list.go:23.54,25.17 2 1
github.com/andybarilla/skeeter/cmd/skeeter/list.go:25.17,27.4 1 0
github.com/andybarilla/skeeter/cmd/skeeter/list.go:29.3,37.17 3 1
github.com/andybarilla/skeeter/cmd/skeeter/list.go:37.17,39.4 1 0
github.com/andybarilla/skeeter/cmd/skeeter/list.go:41.3,41.22 1 1
github.com/andybarilla/skeeter/cmd/skeeter/list.go:41.22,44.4 2 1
github.com/andybarilla/skeeter/cmd/skeeter/list.go:46.3,48.27 3 1
github.com/andybarilla/skeeter/cmd/skeeter/list.go:48.27,50.23 2 1
github.com/andybarilla/skeeter/cmd/skeeter/list.go:50.23,52.5 1 0
github.com/andybarilla/skeeter/cmd/skeeter/list.go:53.4,54.22 2 1
github.com/andybarilla/skeeter/cmd/skeeter/list.go:54.22,56.5 1 1
github.com/andybarilla/skeeter/cmd/skeeter/list.go:57.4,58.22 2 1
github.com/andybarilla/skeeter/cmd/skeeter/list.go:58.22,60.5 1 0
github.com/andybarilla/skeeter/cmd/skeeter/list.go:61.4,61.85 1 1
github.com/andybarilla/skeeter/cmd/skeeter/list.go:63.3,64.13 2 1
github.com/andybarilla/skeeter/cmd/skeeter/list.go:68.13,74.2 5 1
github.com/andybarilla/skeeter/cmd/skeeter/main.go:3.13,5.2 1 0
github.com/andybarilla/skeeter/cmd/skeeter/next.go:21.54,23.17 2 1
github.com/andybarilla/skeeter/cmd/skeeter/next.go:23.17,25.4 1 0
github.com/andybarilla/skeeter/cmd/skeeter/next.go:27.3,30.17 3 1
github.com/andybarilla/skeeter/cmd/skeeter/next.go:30.17,32.4 1 0
github.com/andybarilla/skeeter/cmd/skeeter/next.go:34.3,34.20 1 1
github.com/andybarilla/skeeter/cmd/skeeter/next.go:34.20,36.4 1 1
github.com/andybarilla/skeeter/cmd/skeeter/next.go:38.3,38.23 1 1
github.com/andybarilla/skeeter/cmd/skeeter/next.go:38.23,41.43 3 1
github.com/andybarilla/skeeter/cmd/skeeter/next.go:41.43,43.5 1 0
github.com/andybarilla/skeeter/cmd/skeeter/next.go:46.3,46.16 1 1
github.com/andybarilla/skeeter/cmd/skeeter/next.go:46.16,49.4 2 0
github.com/andybarilla/skeeter/cmd/skeeter/next.go:51.3,52.13 2 1
github.com/andybarilla/skeeter/cmd/skeeter/next.go:56.13,60.2 3 1
github.com/andybarilla/skeeter/cmd/skeeter/pick.go:13.74,15.16 2 1
github.com/andybarilla/skeeter/cmd/skeeter/pick.go:15.16,17.3 1 0
github.com/andybarilla/skeeter/cmd/skeeter/pick.go:19.2,20.26 2 1
github.com/andybarilla/skeeter/cmd/skeeter/pick.go:20.26,21.23 1 1
github.com/andybarilla/skeeter/cmd/skeeter/pick.go:21.23,23.4 1 1
github.com/andybarilla/skeeter/cmd/skeeter/pick.go:26.2,26.25 1 1
github.com/andybarilla/skeeter/cmd/skeeter/pick.go:26.25,28.3 1 1
github.com/andybarilla/skeeter/cmd/skeeter/pick.go:30.2,30.44 1 1
github.com/andybarilla/skeeter/cmd/skeeter/pick.go:30.44,33.15 3 1
github.com/andybarilla/skeeter/cmd/skeeter/pick.go:33.15,35.4 1 1
github.com/andybarilla/skeeter/cmd/skeeter/pick.go:36.3,36.43 1 0
github.com/andybarilla/skeeter/cmd/skeeter/pick.go:39.2,40.21 2 1
github.com/andybarilla/skeeter/cmd/skeeter/root.go:24.16,25.42 1 0
github.com/andybarilla/skeeter/cmd/skeeter/root.go:25.42,26.42 1 0
github.com/andybarilla/skeeter/cmd/skeeter/root.go:26.42,28.4 1 0
github.com/andybarilla/skeeter/cmd/skeeter/root.go:28.9,30.4 1 0
github.com/andybarilla/skeeter/cmd/skeeter/root.go:31.3,31.13 1 0
github.com/andybarilla/skeeter/cmd/skeeter/root.go:35.13,38.2 2 1
github.com/andybarilla/skeeter/cmd/skeeter/root.go:40.39,41.22 1 1
github.com/andybarilla/skeeter/cmd/skeeter/root.go:41.22,43.3 1 0
github.com/andybarilla/skeeter/cmd/skeeter/root.go:44.2,45.16 2 1
github.com/andybarilla/skeeter/cmd/skeeter/root.go:45.16,47.3 1 0
github.com/andybarilla/skeeter/cmd/skeeter/root.go:48.2,48.33 1 1
github.com/andybarilla/skeeter/cmd/skeeter/show.go:15.54,17.17 2 1
github.com/andybarilla/skeeter/cmd/skeeter/show.go:17.17,19.4 1 0
github.com/andybarilla/skeeter/cmd/skeeter/show.go:21.3,22.17 2 1
github.com/andybarilla/skeeter/cmd/skeeter/show.go:22.17,24.4 1 1
github.com/andybarilla/skeeter/cmd/skeeter/show.go:26.3,27.13 2 1
github.com/andybarilla/skeeter/cmd/skeeter/show.go:31.30,33.20 2 1
github.com/andybarilla/skeeter/cmd/skeeter/show.go:33.20,35.3 1 1
github.com/andybarilla/skeeter/cmd/skeeter/show.go:36.2,37.20 2 1
github.com/andybarilla/skeeter/cmd/skeeter/show.go:37.20,39.3 1 0
github.com/andybarilla/skeeter/cmd/skeeter/show.go:41.2,43.21 3 1
github.com/andybarilla/skeeter/cmd/skeeter/show.go:43.21,45.3 1 1
github.com/andybarilla/skeeter/cmd/skeeter/show.go:46.2,46.22 1 1
github.com/andybarilla/skeeter/cmd/skeeter/show.go:46.22,48.3 1 0
github.com/andybarilla/skeeter/cmd/skeeter/show.go:49.2,51.18 2 1
github.com/andybarilla/skeeter/cmd/skeeter/show.go:51.18,54.3 2 1
github.com/andybarilla/skeeter/cmd/skeeter/show.go:57.13,59.2 1 1
github.com/andybarilla/skeeter/cmd/skeeter/status.go:14.54,16.17 2 1
github.com/andybarilla/skeeter/cmd/skeeter/status.go:16.17,18.4 1 0
github.com/andybarilla/skeeter/cmd/skeeter/status.go:20.3,22.34 3 1
github.com/andybarilla/skeeter/cmd/skeeter/status.go:22.34,24.4 1 1
github.com/andybarilla/skeeter/cmd/skeeter/status.go:26.3,27.17 2 1
github.com/andybarilla/skeeter/cmd/skeeter/status.go:27.17,29.4 1 0
github.com/andybarilla/skeeter/cmd/skeeter/status.go:31.3,34.37 3 1
github.com/andybarilla/skeeter/cmd/skeeter/status.go:34.37,36.4 1 0
github.com/andybarilla/skeeter/cmd/skeeter/status.go:38.3,39.13 2 1
github.com/andybarilla/skeeter/cmd/skeeter/status.go:43.13,45.2 1 1
github.com/andybarilla/skeeter/cmd/skeeter/work.go:36.54,38.17 2 0
github.com/andybarilla/skeeter/cmd/skeeter/work.go:38.17,40.4 1 0
github.com/andybarilla/skeeter/cmd/skeeter/work.go:42.3,45.17 3 0
github.com/andybarilla/skeeter/cmd/skeeter/work.go:45.17,47.4 1 0
github.com/andybarilla/skeeter/cmd/skeeter/work.go:49.3,50.17 2 0
github.com/andybarilla/skeeter/cmd/skeeter/work.go:50.17,52.4 1 0
github.com/andybarilla/skeeter/cmd/skeeter/work.go:54.3,58.7 4 0
github.com/andybarilla/skeeter/cmd/skeeter/work.go:58.7,59.24 1 0
github.com/andybarilla/skeeter/cmd/skeeter/work.go:59.24,62.5 2 0
github.com/andybarilla/skeeter/cmd/skeeter/work.go:64.4,64.43 1 0
github.com/andybarilla/skeeter/cmd/skeeter/work.go:64.43,67.5 2 0
github.com/andybarilla/skeeter/cmd/skeeter/work.go:69.4,70.18 2 0
github.com/andybarilla/skeeter/cmd/skeeter/work.go:70.18,72.5 1 0
github.com/andybarilla/skeeter/cmd/skeeter/work.go:73.4,73.21 1 0
github.com/andybarilla/skeeter/cmd/skeeter/work.go:73.21,76.5 2 0
github.com/andybarilla/skeeter/cmd/skeeter/work.go:78.4,83.43 4 0
github.com/andybarilla/skeeter/cmd/skeeter/work.go:83.43,85.5 1 0
github.com/andybarilla/skeeter/cmd/skeeter/work.go:87.4,89.18 2 0
github.com/andybarilla/skeeter/cmd/skeeter/work.go:89.18,99.5 8 0
github.com/andybarilla/skeeter/cmd/skeeter/work.go:102.4,102.107 1 0
github.com/andybarilla/skeeter/cmd/skeeter/work.go:102.107,109.5 5 0
github.com/andybarilla/skeeter/cmd/skeeter/work.go:112.4,113.18 2 0
github.com/andybarilla/skeeter/cmd/skeeter/work.go:113.18,115.5 1 0
github.com/andybarilla/skeeter/cmd/skeeter/work.go:117.4,118.42 2 0
github.com/andybarilla/skeeter/cmd/skeeter/work.go:118.42,120.5 1 0
github.com/andybarilla/skeeter/cmd/skeeter/work.go:122.4,123.15 2 0
github.com/andybarilla/skeeter/cmd/skeeter/work.go:128.13,133.2 4 1
github.com/andybarilla/skeeter/internal/store/filesystem.go:21.58,23.16 2 1
github.com/andybarilla/skeeter/internal/store/filesystem.go:23.16,25.3 1 1
github.com/andybarilla/skeeter/internal/store/filesystem.go:26.2,26.53 1 1
github.com/andybarilla/skeeter/internal/store/filesystem.go:29.45,31.2 1 1
github.com/andybarilla/skeeter/internal/store/filesystem.go:33.58,35.2 1 1
github.com/andybarilla/skeeter/internal/store/filesystem.go:37.49,39.2 1 1
github.com/andybarilla/skeeter/internal/store/filesystem.go:41.58,42.56 1 1
github.com/andybarilla/skeeter/internal/store/filesystem.go:42.56,44.3 1 0
github.com/andybarilla/skeeter/internal/store/filesystem.go:45.2,45.60 1 1
github.com/andybarilla/skeeter/internal/store/filesystem.go:45.60,47.3 1 0
github.com/andybarilla/skeeter/internal/store/filesystem.go:49.2,51.40 3 1
github.com/andybarilla/skeeter/internal/store/filesystem.go:51.40,53.3 1 0
github.com/andybarilla/skeeter/internal/store/filesystem.go:55.2,57.49 2 1
github.com/andybarilla/skeeter/internal/store/filesystem.go:57.49,59.3 1 0
github.com/andybarilla/skeeter/internal/store/filesystem.go:61.2,61.27 1 1
github.com/andybarilla/skeeter/internal/store/filesystem.go:64.56,74.2 3 1
github.com/andybarilla/skeeter/internal/store/filesystem.go:76.55,78.2 1 1
github.com/andybarilla/skeeter/internal/store/filesystem.go:80.50,85.33 4 1
github.com/andybarilla/skeeter/internal/store/filesystem.go:85.33,87.3 1 1
github.com/andybarilla/skeeter/internal/store/filesystem.go:88.2,88.33 1 1
github.com/andybarilla/skeeter/internal/store/filesystem.go:88.33,90.3 1 1
github.com/andybarilla/skeeter/internal/store/filesystem.go:91.2,91.33 1 1
github.com/andybarilla/skeeter/internal/store/filesystem.go:91.33,93.3 1 1
github.com/andybarilla/skeeter/internal/store/filesystem.go:95.2,118.50 4 1
github.com/andybarilla/skeeter/internal/store/filesystem.go:121.68,123.16 2 1
github.com/andybarilla/skeeter/internal/store/filesystem.go:123.16,124.25 1 1
github.com/andybarilla/skeeter/internal/store/filesystem.go:124.25,126.4 1 1
github.com/andybarilla/skeeter/internal/store/filesystem.go:127.3,127.18 1 0
github.com/andybarilla/skeeter/internal/store/filesystem.go:130.2,131.28 2 1
github.com/andybarilla/skeeter/internal/store/filesystem.go:131.28,132.51 1 1
github.com/andybarilla/skeeter/internal/store/filesystem.go:132.51,133.12 1 0
github.com/andybarilla/skeeter/internal/store/filesystem.go:136.3,137.17 2 1
github.com/andybarilla/skeeter/internal/store/filesystem.go:137.17,138.12 1 0
github.com/andybarilla/skeeter/internal/store/filesystem.go:141.3,142.17 2 1
github.com/andybarilla/skeeter/internal/store/filesystem.go:142.17,143.12 1 1
github.com/andybarilla/skeeter/internal/store/filesystem.go:146.3,146.32 1 1
github.com/andybarilla/skeeter/internal/store/filesystem.go:146.32,147.12 1 1
github.com/andybarilla/skeeter/internal/store/filesystem.go:150.3,150.28 1 1
github.com/andybarilla/skeeter/internal/store/filesystem.go:152.2,152.19 1 1
github.com/andybarilla/skeeter/internal/store/filesystem.go:155.49,156.44 1 1
github.com/andybarilla/skeeter/internal/store/filesystem.go:156.44,158.3 1 1
github.com/andybarilla/skeeter/internal/store/filesystem.go:159.2,159.50 1 1
github.com/andybarilla/skeeter/internal/store/filesystem.go:159.50,161.3 1 1
github.com/andybarilla/skeeter/internal/store/filesystem.go:162.2,162.50 1 1
github.com/andybarilla/skeeter/internal/store/filesystem.go:162.50,164.3 1 1
github.com/andybarilla/skeeter/internal/store/filesystem.go:165.2,165.17 1 1
github.com/andybarilla/skeeter/internal/store/filesystem.go:165.17,167.30 2 1
github.com/andybarilla/skeeter/internal/store/filesystem.go:167.30,168.20 1 1
github.com/andybarilla/skeeter/internal/store/filesystem.go:168.20,170.10 2 1
github.com/andybarilla/skeeter/internal/store/filesystem.go:173.3,173.13 1 1
github.com/andybarilla/skeeter/internal/store/filesystem.go:173.13,175.4 1 1
github.com/andybarilla/skeeter/internal/store/filesystem.go:177.2,177.13 1 1
github.com/andybarilla/skeeter/internal/store/filesystem.go:180.66,182.16 2 1
github.com/andybarilla/skeeter/internal/store/filesystem.go:182.16,183.25 1 1
github.com/andybarilla/skeeter/internal/store/filesystem.go:183.25,185.4 1 1
github.com/andybarilla/skeeter/internal/store/filesystem.go:186.3,186.18 1 0
github.com/andybarilla/skeeter/internal/store/filesystem.go:188.2,188.33 1 1
github.com/andybarilla/skeeter/internal/store/filesystem.go:191.54,193.16 2 1
github.com/andybarilla/skeeter/internal/store/filesystem.go:193.16,195.3 1 0
github.com/andybarilla/skeeter/internal/store/filesystem.go:196.2,197.66 2 1
github.com/andybarilla/skeeter/internal/store/filesystem.go:197.66,199.3 1 0
github.com/andybarilla/skeeter/internal/store/filesystem.go:200.2,201.72 2 1
github.com/andybarilla/skeeter/internal/store/filesystem.go:204.54,207.16 3 1
github.com/andybarilla/skeeter/internal/store/filesystem.go:207.16,209.3 1 0
github.com/andybarilla/skeeter/internal/store/filesystem.go:210.2,211.66 2 1
github.com/andybarilla/skeeter/internal/store/filesystem.go:211.66,213.3 1 0
github.com/andybarilla/skeeter/internal/store/filesystem.go:214.2,215.72 2 1
github.com/andybarilla/skeeter/internal/store/filesystem.go:218.52,220.2 1 1
github.com/andybarilla/skeeter/internal/store/filesystem.go:222.54,224.2 1 1
github.com/andybarilla/skeeter/internal/store/filesystem.go:226.69,229.16 3 1
github.com/andybarilla/skeeter/internal/store/filesystem.go:229.16,230.25 1 1
github.com/andybarilla/skeeter/internal/store/filesystem.go:230.25,232.4 1 1
github.com/andybarilla/skeeter/internal/store/filesystem.go:233.3,233.17 1 0
github.com/andybarilla/skeeter/internal/store/filesystem.go:235.2,235.26 1 1
github.com/andybarilla/skeeter/internal/store/filesystem.go:238.77,239.26 1 1
github.com/andybarilla/skeeter/internal/store/filesystem.go:239.26,241.3 1 1
github.com/andybarilla/skeeter/internal/store/filesystem.go:244.2,249.34 5 1
github.com/andybarilla/skeeter/internal/store/filesystem.go:249.34,251.3 1 0
github.com/andybarilla/skeeter/internal/store/filesystem.go:253.2,255.34 3 1
github.com/andybarilla/skeeter/internal/store/filesystem.go:255.34,257.3 1 0
github.com/andybarilla/skeeter/internal/store/filesystem.go:258.2,258.12 1 1
github.com/andybarilla/skeeter/internal/store/github.go:40.58,42.12 2 0
github.com/andybarilla/skeeter/internal/store/github.go:42.12,44.3 1 0
github.com/andybarilla/skeeter/internal/store/github.go:46.2,47.16 2 0
github.com/andybarilla/skeeter/internal/store/github.go:47.16,49.3 1 0
github.com/andybarilla/skeeter/internal/store/github.go:51.2,51.15 1 0
github.com/andybarilla/skeeter/internal/store/github.go:51.15,53.3 1 0
github.com/andybarilla/skeeter/internal/store/github.go:55.2,64.16 3 0
github.com/andybarilla/skeeter/internal/store/github.go:64.16,66.3 1 0
github.com/andybarilla/skeeter/internal/store/github.go:67.2,69.15 2 0
github.com/andybarilla/skeeter/internal/store/github.go:72.37,74.16 2 0
github.com/andybarilla/skeeter/internal/store/github.go:74.16,76.18 2 0
github.com/andybarilla/skeeter/internal/store/github.go:76.18,78.4 1 0
github.com/andybarilla/skeeter/internal/store/github.go:81.2,81.53 1 0
github.com/andybarilla/skeeter/internal/store/github.go:81.53,83.3 1 0
github.com/andybarilla/skeeter/internal/store/github.go:85.2,85.85 1 0
github.com/andybarilla/skeeter/internal/store/github.go:88.55,90.16 2 1
github.com/andybarilla/skeeter/internal/store/github.go:90.16,92.3 1 0
github.com/andybarilla/skeeter/internal/store/github.go:93.2,93.79 1 1
github.com/andybarilla/skeeter/internal/store/github.go:96.42,98.2 1 1
github.com/andybarilla/skeeter/internal/store/github.go:100.58,102.2 1 1
github.com/andybarilla/skeeter/internal/store/github.go:104.93,106.16 2 1
github.com/andybarilla/skeeter/internal/store/github.go:106.16,108.3 1 0
github.com/andybarilla/skeeter/internal/store/github.go:109.2,111.17 3 1
github.com/andybarilla/skeeter/internal/store/github.go:111.17,113.3 1 0
github.com/andybarilla/skeeter/internal/store/github.go:114.2,114.25 1 1
github.com/andybarilla/skeeter/internal/store/github.go:117.91,119.16 2 1
github.com/andybarilla/skeeter/internal/store/github.go:119.16,121.3 1 0
github.com/andybarilla/skeeter/internal/store/github.go:122.2,124.28 2 1
github.com/andybarilla/skeeter/internal/store/github.go:124.28,126.3 1 1
github.com/andybarilla/skeeter/internal/store/github.go:127.2,127.28 1 1
github.com/andybarilla/skeeter/internal/store/github.go:127.28,130.3 2 0
github.com/andybarilla/skeeter/internal/store/github.go:132.2,133.63 2 1
github.com/andybarilla/skeeter/internal/store/github.go:133.63,135.3 1 0
github.com/andybarilla/skeeter/internal/store/github.go:137.2,138.16 2 1
github.com/andybarilla/skeeter/internal/store/github.go:138.16,140.3 1 0
github.com/andybarilla/skeeter/internal/store/github.go:142.2,142.29 1 1
github.com/andybarilla/skeeter/internal/store/github.go:145.87,150.15 2 0
github.com/andybarilla/skeeter/internal/store/github.go:150.15,152.3 1 0
github.com/andybarilla/skeeter/internal/store/github.go:154.2,155.16 2 0
github.com/andybarilla/skeeter/internal/store/github.go:155.16,157.3 1 0
github.com/andybarilla/skeeter/internal/store/github.go:159.2,160.16 2 0
github.com/andybarilla/skeeter/internal/store/github.go:160.16,162.3 1 0
github.com/andybarilla/skeeter/internal/store/github.go:163.2,165.54 2 0
github.com/andybarilla/skeeter/internal/store/github.go:165.54,168.3 2 0
github.com/andybarilla/skeeter/internal/store/github.go:170.2,170.12 1 0
github.com/andybarilla/skeeter/internal/store/github.go:173.74,175.16 2 1
github.com/andybarilla/skeeter/internal/store/github.go:175.16,177.3 1 0
github.com/andybarilla/skeeter/internal/store/github.go:178.2,180.28 2 1
github.com/andybarilla/skeeter/internal/store/github.go:180.28,182.3 1 0
github.com/andybarilla/skeeter/internal/store/github.go:183.2,183.28 1 1
github.com/andybarilla/skeeter/internal/store/github.go:183.28,186.3 2 0
github.com/andybarilla/skeeter/internal/store/github.go:188.2,189.68 2 1
github.com/andybarilla/skeeter/internal/store/github.go:189.68,191.3 1 0
github.com/andybarilla/skeeter/internal/store/github.go:193.2,193.21 1 1
github.com/andybarilla/skeeter/internal/store/github.go:196.60,198.16 2 0
github.com/andybarilla/skeeter/internal/store/github.go:198.16,200.3 1 0
github.com/andybarilla/skeeter/internal/store/github.go:202.2,203.50 2 0
github.com/andybarilla/skeeter/internal/store/github.go:203.50,205.3 1 0
github.com/andybarilla/skeeter/internal/store/github.go:206.2,206.17 1 0
github.com/andybarilla/skeeter/internal/store/github.go:209.50,211.2 1 1
github.com/andybarilla/skeeter/internal/store/github.go:213.54,215.2 1 1
github.com/andybarilla/skeeter/internal/store/github.go:217.64,219.16 2 1
github.com/andybarilla/skeeter/internal/store/github.go:219.16,221.3 1 0
github.com/andybarilla/skeeter/internal/store/github.go:223.2,224.28 2 1
github.com/andybarilla/skeeter/internal/store/github.go:224.28,225.56 1 1
github.com/andybarilla/skeeter/internal/store/github.go:225.56,226.12 1 0
github.com/andybarilla/skeeter/internal/store/github.go:229.3,230.17 2 1
github.com/andybarilla/skeeter/internal/store/github.go:230.17,231.12 1 0
github.com/andybarilla/skeeter/internal/store/github.go:234.3,235.17 2 1
github.com/andybarilla/skeeter/internal/store/github.go:235.17,236.12 1 0
github.com/andybarilla/skeeter/internal/store/github.go:239.3,239.32 1 1
github.com/andybarilla/skeeter/internal/store/github.go:239.32,240.12 1 1
github.com/andybarilla/skeeter/internal/store/github.go:243.3,243.28 1 1
github.com/andybarilla/skeeter/internal/store/github.go:246.2,246.19 1 1
github.com/andybarilla/skeeter/internal/store/github.go:249.62,251.16 2 1
github.com/andybarilla/skeeter/internal/store/github.go:251.16,253.3 1 1
github.com/andybarilla/skeeter/internal/store/github.go:254.2,254.33 1 1
github.com/andybarilla/skeeter/internal/store/github.go:257.50,259.16 2 0
github.com/andybarilla/skeeter/internal/store/github.go:259.16,261.3 1 0
github.com/andybarilla/skeeter/internal/store/github.go:263.2,268.3 1 0
github.com/andybarilla/skeeter/internal/store/github.go:271.50,276.16 3 0
github.com/andybarilla/skeeter/internal/store/github.go:276.16,278.3 1 0
github.com/andybarilla/skeeter/internal/store/github.go:280.2,281.16 2 0
github.com/andybarilla/skeeter/internal/store/github.go:281.16,283.3 1 0
github.com/andybarilla/skeeter/internal/store/github.go:285.2,290.3 1 0
github.com/andybarilla/skeeter/internal/store/github.go:293.48,295.16 2 1
github.com/andybarilla/skeeter/internal/store/github.go:295.16,297.3 1 0
github.com/andybarilla/skeeter/internal/store/github.go:300.2,301.28 2 1
github.com/andybarilla/skeeter/internal/store/github.go:301.28,303.3 1 1
github.com/andybarilla/skeeter/internal/store/github.go:305.2,305.54 1 1
github.com/andybarilla/skeeter/internal/store/github.go:308.65,311.16 3 1
github.com/andybarilla/skeeter/internal/store/github.go:311.16,313.3 1 0
github.com/andybarilla/skeeter/internal/store/github.go:314.2,314.26 1 1
